Analysis & Synthesis report for HEX8
Wed May 01 16:13:25 2019
Quartus II 64-Bit Version 13.0.0 Build 156 04/24/2013 SJ Full Version


---------------------
; Table of Contents ;
---------------------
  1. Legal Notice
  2. Analysis & Synthesis Summary
  3. Analysis & Synthesis Settings
  4. Parallel Compilation
  5. Analysis & Synthesis Source Files Read
  6. Analysis & Synthesis Resource Usage Summary
  7. Analysis & Synthesis Resource Utilization by Entity
  8. Analysis & Synthesis IP Cores Summary
  9. General Register Statistics
 10. Inverted Register Statistics
 11. Multiplexer Restructuring Statistics (Restructuring Performed)
 12. Source assignments for hex_data:hex_data|altsource_probe:altsource_probe_component|altsource_probe_body:altsource_probe_body_inst|altsource_probe_impl:\wider_source_gen:wider_source_inst
 13. Parameter Settings for User Entity Instance: hex_data:hex_data|altsource_probe:altsource_probe_component
 14. Port Connectivity Checks: "HEX8:HEX8"
 15. Port Connectivity Checks: "hex_data:hex_data"
 16. Elapsed Time Per Partition
 17. Analysis & Synthesis Messages



----------------
; Legal Notice ;
----------------
Copyright (C) 1991-2013 Altera Corporation
Your use of Altera Corporation's design tools, logic functions 
and other software and tools, and its AMPP partner logic 
functions, and any output files from any of the foregoing 
(including device programming or simulation files), and any 
associated documentation or information are expressly subject 
to the terms and conditions of the Altera Program License 
Subscription Agreement, Altera MegaCore Function License 
Agreement, or other applicable license agreement, including, 
without limitation, that your use is for the sole purpose of 
programming logic devices manufactured by Altera and sold by 
Altera or its authorized distributors.  Please refer to the 
applicable agreement for further details.



+----------------------------------------------------------------------------------+
; Analysis & Synthesis Summary                                                     ;
+------------------------------------+---------------------------------------------+
; Analysis & Synthesis Status        ; Successful - Wed May 01 16:13:25 2019       ;
; Quartus II 64-Bit Version          ; 13.0.0 Build 156 04/24/2013 SJ Full Version ;
; Revision Name                      ; HEX8                                        ;
; Top-level Entity Name              ; HEX_top                                     ;
; Family                             ; Cyclone IV E                                ;
; Total logic elements               ; 305                                         ;
;     Total combinational functions  ; 278                                         ;
;     Dedicated logic registers      ; 174                                         ;
; Total registers                    ; 174                                         ;
; Total pins                         ; 17                                          ;
; Total virtual pins                 ; 0                                           ;
; Total memory bits                  ; 0                                           ;
; Embedded Multiplier 9-bit elements ; 0                                           ;
; Total PLLs                         ; 0                                           ;
+------------------------------------+---------------------------------------------+


+----------------------------------------------------------------------------------------------------------------------+
; Analysis & Synthesis Settings                                                                                        ;
+----------------------------------------------------------------------------+--------------------+--------------------+
; Option                                                                     ; Setting            ; Default Value      ;
+----------------------------------------------------------------------------+--------------------+--------------------+
; Device                                                                     ; EP4CE6F17C8        ;                    ;
; Top-level entity name                                                      ; HEX_top            ; HEX8               ;
; Family name                                                                ; Cyclone IV E       ; Cyclone IV GX      ;
; Use smart compilation                                                      ; Off                ; Off                ;
; Enable parallel Assembler and TimeQuest Timing Analyzer during compilation ; On                 ; On                 ;
; Enable compact report table                                                ; Off                ; Off                ;
; Restructure Multiplexers                                                   ; Auto               ; Auto               ;
; Create Debugging Nodes for IP Cores                                        ; Off                ; Off                ;
; Preserve fewer node names                                                  ; On                 ; On                 ;
; Disable OpenCore Plus hardware evaluation                                  ; Off                ; Off                ;
; Verilog Version                                                            ; Verilog_2001       ; Verilog_2001       ;
; VHDL Version                                                               ; VHDL_1993          ; VHDL_1993          ;
; State Machine Processing                                                   ; Auto               ; Auto               ;
; Safe State Machine                                                         ; Off                ; Off                ;
; Extract Verilog State Machines                                             ; On                 ; On                 ;
; Extract VHDL State Machines                                                ; On                 ; On                 ;
; Ignore Verilog initial constructs                                          ; Off                ; Off                ;
; Iteration limit for constant Verilog loops                                 ; 5000               ; 5000               ;
; Iteration limit for non-constant Verilog loops                             ; 250                ; 250                ;
; Add Pass-Through Logic to Inferred RAMs                                    ; On                 ; On                 ;
; Infer RAMs from Raw Logic                                                  ; On                 ; On                 ;
; Parallel Synthesis                                                         ; On                 ; On                 ;
; DSP Block Balancing                                                        ; Auto               ; Auto               ;
; NOT Gate Push-Back                                                         ; On                 ; On                 ;
; Power-Up Don't Care                                                        ; On                 ; On                 ;
; Remove Redundant Logic Cells                                               ; Off                ; Off                ;
; Remove Duplicate Registers                                                 ; On                 ; On                 ;
; Ignore CARRY Buffers                                                       ; Off                ; Off                ;
; Ignore CASCADE Buffers                                                     ; Off                ; Off                ;
; Ignore GLOBAL Buffers                                                      ; Off                ; Off                ;
; Ignore ROW GLOBAL Buffers                                                  ; Off                ; Off                ;
; Ignore LCELL Buffers                                                       ; Off                ; Off                ;
; Ignore SOFT Buffers                                                        ; On                 ; On                 ;
; Limit AHDL Integers to 32 Bits                                             ; Off                ; Off                ;
; Optimization Technique                                                     ; Balanced           ; Balanced           ;
; Carry Chain Length                                                         ; 70                 ; 70                 ;
; Auto Carry Chains                                                          ; On                 ; On                 ;
; Auto Open-Drain Pins                                                       ; On                 ; On                 ;
; Perform WYSIWYG Primitive Resynthesis                                      ; Off                ; Off                ;
; Auto ROM Replacement                                                       ; On                 ; On                 ;
; Auto RAM Replacement                                                       ; On                 ; On                 ;
; Auto DSP Block Replacement                                                 ; On                 ; On                 ;
; Auto Shift Register Replacement                                            ; Auto               ; Auto               ;
; Allow Shift Register Merging across Hierarchies                            ; Auto               ; Auto               ;
; Auto Clock Enable Replacement                                              ; On                 ; On                 ;
; Strict RAM Replacement                                                     ; Off                ; Off                ;
; Allow Synchronous Control Signals                                          ; On                 ; On                 ;
; Force Use of Synchronous Clear Signals                                     ; Off                ; Off                ;
; Auto RAM Block Balancing                                                   ; On                 ; On                 ;
; Auto RAM to Logic Cell Conversion                                          ; Off                ; Off                ;
; Auto Resource Sharing                                                      ; Off                ; Off                ;
; Allow Any RAM Size For Recognition                                         ; Off                ; Off                ;
; Allow Any ROM Size For Recognition                                         ; Off                ; Off                ;
; Allow Any Shift Register Size For Recognition                              ; Off                ; Off                ;
; Use LogicLock Constraints during Resource Balancing                        ; On                 ; On                 ;
; Ignore translate_off and synthesis_off directives                          ; Off                ; Off                ;
; Timing-Driven Synthesis                                                    ; On                 ; On                 ;
; Report Parameter Settings                                                  ; On                 ; On                 ;
; Report Source Assignments                                                  ; On                 ; On                 ;
; Report Connectivity Checks                                                 ; On                 ; On                 ;
; Ignore Maximum Fan-Out Assignments                                         ; Off                ; Off                ;
; Synchronization Register Chain Length                                      ; 2                  ; 2                  ;
; PowerPlay Power Optimization                                               ; Normal compilation ; Normal compilation ;
; HDL message level                                                          ; Level2             ; Level2             ;
; Suppress Register Optimization Related Messages                            ; Off                ; Off                ;
; Number of Removed Registers Reported in Synthesis Report                   ; 5000               ; 5000               ;
; Number of Swept Nodes Reported in Synthesis Report                         ; 5000               ; 5000               ;
; Number of Inverted Registers Reported in Synthesis Report                  ; 100                ; 100                ;
; Clock MUX Protection                                                       ; On                 ; On                 ;
; Auto Gated Clock Conversion                                                ; Off                ; Off                ;
; Block Design Naming                                                        ; Auto               ; Auto               ;
; SDC constraint protection                                                  ; Off                ; Off                ;
; Synthesis Effort                                                           ; Auto               ; Auto               ;
; Shift Register Replacement - Allow Asynchronous Clear Signal               ; On                 ; On                 ;
; Pre-Mapping Resynthesis Optimization                                       ; Off                ; Off                ;
; Analysis & Synthesis Message Level                                         ; Medium             ; Medium             ;
; Disable Register Merging Across Hierarchies                                ; Auto               ; Auto               ;
; Resource Aware Inference For Block RAM                                     ; On                 ; On                 ;
; Synthesis Seed                                                             ; 1                  ; 1                  ;
+----------------------------------------------------------------------------+--------------------+--------------------+


+------------------------------------------+
; Parallel Compilation                     ;
+----------------------------+-------------+
; Processors                 ; Number      ;
+----------------------------+-------------+
; Number detected on machine ; 8           ;
; Maximum allowed            ; 4           ;
;                            ;             ;
; Average used               ; 1.00        ;
; Maximum used               ; 1           ;
;                            ;             ;
; Usage by Processor         ; % Time Used ;
;     Processor 1            ; 100.0%      ;
;     Processors 2-8         ;   0.0%      ;
+----------------------------+-------------+


+----------------------------------------------------------------------------------------------------------------------------------------------------------------------+
; Analysis & Synthesis Source Files Read                                                                                                                               ;
+----------------------------------+-----------------+-----------------------------+-------------------------------------------------------------------------+---------+
; File Name with User-Entered Path ; Used in Netlist ; File Type                   ; File Name with Absolute Path                                            ; Library ;
+----------------------------------+-----------------+-----------------------------+-------------------------------------------------------------------------+---------+
; ../rtl/HEX8.v                    ; yes             ; User Verilog HDL File       ; C:/Users/Administrator/Desktop/HEX8/rtl/HEX8.v                          ;         ;
; ../rtl/HEX_top.v                 ; yes             ; User Verilog HDL File       ; C:/Users/Administrator/Desktop/HEX8/rtl/HEX_top.v                       ;         ;
; hex_data.v                       ; yes             ; User Wizard-Generated File  ; C:/Users/Administrator/Desktop/HEX8/prj/hex_data.v                      ;         ;
; altsource_probe.v                ; yes             ; Megafunction                ; d:/altera/13.0/quartus/libraries/megafunctions/altsource_probe.v        ;         ;
; altsource_probe_body.vhd         ; yes             ; Megafunction                ; d:/altera/13.0/quartus/libraries/megafunctions/altsource_probe_body.vhd ;         ;
; sld_rom_sr.vhd                   ; yes             ; Encrypted Megafunction      ; d:/altera/13.0/quartus/libraries/megafunctions/sld_rom_sr.vhd           ;         ;
; sld_hub.vhd                      ; yes             ; Encrypted Megafunction      ; d:/altera/13.0/quartus/libraries/megafunctions/sld_hub.vhd              ;         ;
; sld_jtag_hub.vhd                 ; yes             ; Encrypted Megafunction      ; d:/altera/13.0/quartus/libraries/megafunctions/sld_jtag_hub.vhd         ;         ;
+----------------------------------+-----------------+-----------------------------+-------------------------------------------------------------------------+---------+


+------------------------------------------------------------------------+
; Analysis & Synthesis Resource Usage Summary                            ;
+---------------------------------------------+--------------------------+
; Resource                                    ; Usage                    ;
+---------------------------------------------+--------------------------+
; Estimated Total logic elements              ; 305                      ;
;                                             ;                          ;
; Total combinational functions               ; 278                      ;
; Logic element usage by number of LUT inputs ;                          ;
;     -- 4 input functions                    ; 101                      ;
;     -- 3 input functions                    ; 105                      ;
;     -- <=2 input functions                  ; 72                       ;
;                                             ;                          ;
; Logic elements by mode                      ;                          ;
;     -- normal mode                          ; 256                      ;
;     -- arithmetic mode                      ; 22                       ;
;                                             ;                          ;
; Total registers                             ; 174                      ;
;     -- Dedicated logic registers            ; 174                      ;
;     -- I/O registers                        ; 0                        ;
;                                             ;                          ;
; I/O pins                                    ; 17                       ;
; Embedded Multiplier 9-bit elements          ; 0                        ;
; Maximum fan-out node                        ; altera_internal_jtag~TDO ;
; Maximum fan-out                             ; 173                      ;
; Total fan-out                               ; 1431                     ;
; Average fan-out                             ; 2.89                     ;
+---------------------------------------------+--------------------------+


+-------------------------------------------------------------------------------------------------------------------------------------------------------------------------------------------------------------------------------------------------------------------------------------------------------------------------------------------------------------------------------------------------------------------------------+
; Analysis & Synthesis Resource Utilization by Entity                                                                                                                                                                                                                                                                                                                                                                           ;
+------------------------------------------------------------------------+-------------------+--------------+-------------+--------------+---------+-----------+------+--------------+---------------------------------------------------------------------------------------------------------------------------------------------------------------------------------------------------------------------------+--------------+
; Compilation Hierarchy Node                                             ; LC Combinationals ; LC Registers ; Memory Bits ; DSP Elements ; DSP 9x9 ; DSP 18x18 ; Pins ; Virtual Pins ; Full Hierarchy Name                                                                                                                                                                                                       ; Library Name ;
+------------------------------------------------------------------------+-------------------+--------------+-------------+--------------+---------+-----------+------+--------------+---------------------------------------------------------------------------------------------------------------------------------------------------------------------------------------------------------------------------+--------------+
; |HEX_top                                                               ; 278 (1)           ; 174 (0)      ; 0           ; 0            ; 0       ; 0         ; 17   ; 0            ; |HEX_top                                                                                                                                                                                                                  ;              ;
;    |HEX8:HEX8|                                                         ; 78 (78)           ; 24 (24)      ; 0           ; 0            ; 0       ; 0         ; 0    ; 0            ; |HEX_top|HEX8:HEX8                                                                                                                                                                                                        ;              ;
;    |hex_data:hex_data|                                                 ; 86 (0)            ; 72 (0)       ; 0           ; 0            ; 0       ; 0         ; 0    ; 0            ; |HEX_top|hex_data:hex_data                                                                                                                                                                                                ;              ;
;       |altsource_probe:altsource_probe_component|                      ; 86 (0)            ; 72 (0)       ; 0           ; 0            ; 0       ; 0         ; 0    ; 0            ; |HEX_top|hex_data:hex_data|altsource_probe:altsource_probe_component                                                                                                                                                      ;              ;
;          |altsource_probe_body:altsource_probe_body_inst|              ; 86 (4)            ; 72 (0)       ; 0           ; 0            ; 0       ; 0         ; 0    ; 0            ; |HEX_top|hex_data:hex_data|altsource_probe:altsource_probe_component|altsource_probe_body:altsource_probe_body_inst                                                                                                       ;              ;
;             |altsource_probe_impl:\wider_source_gen:wider_source_inst| ; 82 (70)           ; 72 (65)      ; 0           ; 0            ; 0       ; 0         ; 0    ; 0            ; |HEX_top|hex_data:hex_data|altsource_probe:altsource_probe_component|altsource_probe_body:altsource_probe_body_inst|altsource_probe_impl:\wider_source_gen:wider_source_inst                                              ;              ;
;                |sld_rom_sr:\no_instance_id_gen:rom_info_inst|          ; 12 (12)           ; 7 (7)        ; 0           ; 0            ; 0       ; 0         ; 0    ; 0            ; |HEX_top|hex_data:hex_data|altsource_probe:altsource_probe_component|altsource_probe_body:altsource_probe_body_inst|altsource_probe_impl:\wider_source_gen:wider_source_inst|sld_rom_sr:\no_instance_id_gen:rom_info_inst ;              ;
;    |sld_hub:auto_hub|                                                  ; 113 (1)           ; 78 (0)       ; 0           ; 0            ; 0       ; 0         ; 0    ; 0            ; |HEX_top|sld_hub:auto_hub                                                                                                                                                                                                 ;              ;
;       |sld_jtag_hub:\jtag_hub_gen:sld_jtag_hub_inst|                   ; 112 (76)          ; 78 (50)      ; 0           ; 0            ; 0       ; 0         ; 0    ; 0            ; |HEX_top|sld_hub:auto_hub|sld_jtag_hub:\jtag_hub_gen:sld_jtag_hub_inst                                                                                                                                                    ;              ;
;          |sld_rom_sr:hub_info_reg|                                     ; 19 (19)           ; 9 (9)        ; 0           ; 0            ; 0       ; 0         ; 0    ; 0            ; |HEX_top|sld_hub:auto_hub|sld_jtag_hub:\jtag_hub_gen:sld_jtag_hub_inst|sld_rom_sr:hub_info_reg                                                                                                                            ;              ;
;          |sld_shadow_jsm:shadow_jsm|                                   ; 17 (17)           ; 19 (19)      ; 0           ; 0            ; 0       ; 0         ; 0    ; 0            ; |HEX_top|sld_hub:auto_hub|sld_jtag_hub:\jtag_hub_gen:sld_jtag_hub_inst|sld_shadow_jsm:shadow_jsm                                                                                                                          ;              ;
+------------------------------------------------------------------------+-------------------+--------------+-------------+--------------+---------+-----------+------+--------------+---------------------------------------------------------------------------------------------------------------------------------------------------------------------------------------------------------------------------+--------------+
Note: For table entries with two numbers listed, the numbers in parentheses indicate the number of resources of the given type used by the specific entity alone. The numbers listed outside of parentheses indicate the total resources of the given type used by the specific entity and all of its sub-entities in the hierarchy.


+-----------------------------------------------------------------------------------------------------------------------------------------------------------------+
; Analysis & Synthesis IP Cores Summary                                                                                                                           ;
+--------+------------------------------+---------+--------------+--------------+----------------------------+----------------------------------------------------+
; Vendor ; IP Core Name                 ; Version ; Release Date ; License Type ; Entity Instance            ; IP Include File                                    ;
+--------+------------------------------+---------+--------------+--------------+----------------------------+----------------------------------------------------+
; Altera ; In-System Sources and Probes ; 13.0    ; N/A          ; N/A          ; |HEX_top|hex_data:hex_data ; C:/Users/Administrator/Desktop/HEX8/prj/hex_data.v ;
+--------+------------------------------+---------+--------------+--------------+----------------------------+----------------------------------------------------+


+------------------------------------------------------+
; General Register Statistics                          ;
+----------------------------------------------+-------+
; Statistic                                    ; Value ;
+----------------------------------------------+-------+
; Total registers                              ; 174   ;
; Number of registers using Synchronous Clear  ; 12    ;
; Number of registers using Synchronous Load   ; 12    ;
; Number of registers using Asynchronous Clear ; 83    ;
; Number of registers using Asynchronous Load  ; 0     ;
; Number of registers using Clock Enable       ; 90    ;
; Number of registers using Preset             ; 0     ;
+----------------------------------------------+-------+


+----------------------------------------------------------------------------------------+
; Inverted Register Statistics                                                           ;
+------------------------------------------------------------------------------+---------+
; Inverted Register                                                            ; Fan out ;
+------------------------------------------------------------------------------+---------+
; HEX8:HEX8|sel_r[0]                                                           ; 12      ;
; sld_hub:auto_hub|sld_jtag_hub:\jtag_hub_gen:sld_jtag_hub_inst|tdo            ; 1       ;
; sld_hub:auto_hub|sld_jtag_hub:\jtag_hub_gen:sld_jtag_hub_inst|jtag_ir_reg[2] ; 2       ;
; sld_hub:auto_hub|sld_jtag_hub:\jtag_hub_gen:sld_jtag_hub_inst|jtag_ir_reg[1] ; 3       ;
; Total number of inverted registers = 4                                       ;         ;
+------------------------------------------------------------------------------+---------+


+---------------------------------------------------------------------------------------------------------------------------------------------------------------------------------------------------------------------------------------------------------------------------------------------------------------------------------------------------------+
; Multiplexer Restructuring Statistics (Restructuring Performed)                                                                                                                                                                                                                                                                                          ;
+--------------------+-----------+---------------+----------------------+------------------------+------------+-------------------------------------------------------------------------------------------------------------------------------------------------------------------------------------------------------------------------------------------+
; Multiplexer Inputs ; Bus Width ; Baseline Area ; Area if Restructured ; Saving if Restructured ; Registered ; Example Multiplexer Output                                                                                                                                                                                                                ;
+--------------------+-----------+---------------+----------------------+------------------------+------------+-------------------------------------------------------------------------------------------------------------------------------------------------------------------------------------------------------------------------------------------+
; 3:1                ; 32 bits   ; 64 LEs        ; 32 LEs               ; 32 LEs                 ; Yes        ; |HEX_top|hex_data:hex_data|altsource_probe:altsource_probe_component|altsource_probe_body:altsource_probe_body_inst|altsource_probe_impl:\wider_source_gen:wider_source_inst|hold_reg[6]                                                  ;
; 4:1                ; 31 bits   ; 62 LEs        ; 31 LEs               ; 31 LEs                 ; Yes        ; |HEX_top|hex_data:hex_data|altsource_probe:altsource_probe_component|altsource_probe_body:altsource_probe_body_inst|altsource_probe_impl:\wider_source_gen:wider_source_inst|shift_reg[2]                                                 ;
; 5:1                ; 3 bits    ; 9 LEs         ; 3 LEs                ; 6 LEs                  ; Yes        ; |HEX_top|hex_data:hex_data|altsource_probe:altsource_probe_component|altsource_probe_body:altsource_probe_body_inst|altsource_probe_impl:\wider_source_gen:wider_source_inst|sld_rom_sr:\no_instance_id_gen:rom_info_inst|word_counter[0] ;
; 9:1                ; 4 bits    ; 24 LEs        ; 16 LEs               ; 8 LEs                  ; Yes        ; |HEX_top|hex_data:hex_data|altsource_probe:altsource_probe_component|altsource_probe_body:altsource_probe_body_inst|altsource_probe_impl:\wider_source_gen:wider_source_inst|sld_rom_sr:\no_instance_id_gen:rom_info_inst|WORD_SR[1]      ;
; 256:1              ; 4 bits    ; 680 LEs       ; 36 LEs               ; 644 LEs                ; No         ; |HEX_top|HEX8:HEX8|Selector2                                                                                                                                                                                                              ;
+--------------------+-----------+---------------+----------------------+------------------------+------------+-------------------------------------------------------------------------------------------------------------------------------------------------------------------------------------------------------------------------------------------+


+--------------------------------------------------------------------------------------------------------------------------------------------------------------------------------------------+
; Source assignments for hex_data:hex_data|altsource_probe:altsource_probe_component|altsource_probe_body:altsource_probe_body_inst|altsource_probe_impl:\wider_source_gen:wider_source_inst ;
+---------------------------------+-------+------+-------------------------------------------------------------------------------------------------------------------------------------------+
; Assignment                      ; Value ; From ; To                                                                                                                                        ;
+---------------------------------+-------+------+-------------------------------------------------------------------------------------------------------------------------------------------+
; NOT_GATE_PUSH_BACK              ; OFF   ; -    ; -                                                                                                                                         ;
; POWER_UP_LEVEL                  ; LOW   ; -    ; -                                                                                                                                         ;
; AUTO_SHIFT_REGISTER_RECOGNITION ; OFF   ; -    ; -                                                                                                                                         ;
; AUTO_CLOCK_ENABLE_RECOGNITION   ; OFF   ; -    ; hold_reg[0]                                                                                                                               ;
; AUTO_CLOCK_ENABLE_RECOGNITION   ; OFF   ; -    ; hold_reg[31]                                                                                                                              ;
; AUTO_CLOCK_ENABLE_RECOGNITION   ; OFF   ; -    ; hold_reg[30]                                                                                                                              ;
; AUTO_CLOCK_ENABLE_RECOGNITION   ; OFF   ; -    ; hold_reg[29]                                                                                                                              ;
; AUTO_CLOCK_ENABLE_RECOGNITION   ; OFF   ; -    ; hold_reg[28]                                                                                                                              ;
; AUTO_CLOCK_ENABLE_RECOGNITION   ; OFF   ; -    ; hold_reg[27]                                                                                                                              ;
; AUTO_CLOCK_ENABLE_RECOGNITION   ; OFF   ; -    ; hold_reg[26]                                                                                                                              ;
; AUTO_CLOCK_ENABLE_RECOGNITION   ; OFF   ; -    ; hold_reg[25]                                                                                                                              ;
; AUTO_CLOCK_ENABLE_RECOGNITION   ; OFF   ; -    ; hold_reg[24]                                                                                                                              ;
; AUTO_CLOCK_ENABLE_RECOGNITION   ; OFF   ; -    ; hold_reg[23]                                                                                                                              ;
; AUTO_CLOCK_ENABLE_RECOGNITION   ; OFF   ; -    ; hold_reg[22]                                                                                                                              ;
; AUTO_CLOCK_ENABLE_RECOGNITION   ; OFF   ; -    ; hold_reg[21]                                                                                                                              ;
; AUTO_CLOCK_ENABLE_RECOGNITION   ; OFF   ; -    ; hold_reg[20]                                                                                                                              ;
; AUTO_CLOCK_ENABLE_RECOGNITION   ; OFF   ; -    ; hold_reg[19]                                                                                                                              ;
; AUTO_CLOCK_ENABLE_RECOGNITION   ; OFF   ; -    ; hold_reg[18]                                                                                                                              ;
; AUTO_CLOCK_ENABLE_RECOGNITION   ; OFF   ; -    ; hold_reg[17]                                                                                                                              ;
; AUTO_CLOCK_ENABLE_RECOGNITION   ; OFF   ; -    ; hold_reg[16]                                                                                                                              ;
; AUTO_CLOCK_ENABLE_RECOGNITION   ; OFF   ; -    ; hold_reg[15]                                                                                                                              ;
; AUTO_CLOCK_ENABLE_RECOGNITION   ; OFF   ; -    ; hold_reg[14]                                                                                                                              ;
; AUTO_CLOCK_ENABLE_RECOGNITION   ; OFF   ; -    ; hold_reg[13]                                                                                                                              ;
; AUTO_CLOCK_ENABLE_RECOGNITION   ; OFF   ; -    ; hold_reg[12]                                                                                                                              ;
; AUTO_CLOCK_ENABLE_RECOGNITION   ; OFF   ; -    ; hold_reg[11]                                                                                                                              ;
; AUTO_CLOCK_ENABLE_RECOGNITION   ; OFF   ; -    ; hold_reg[10]                                                                                                                              ;
; AUTO_CLOCK_ENABLE_RECOGNITION   ; OFF   ; -    ; hold_reg[9]                                                                                                                               ;
; AUTO_CLOCK_ENABLE_RECOGNITION   ; OFF   ; -    ; hold_reg[8]                                                                                                                               ;
; AUTO_CLOCK_ENABLE_RECOGNITION   ; OFF   ; -    ; hold_reg[7]                                                                                                                               ;
; AUTO_CLOCK_ENABLE_RECOGNITION   ; OFF   ; -    ; hold_reg[6]                                                                                                                               ;
; AUTO_CLOCK_ENABLE_RECOGNITION   ; OFF   ; -    ; hold_reg[5]                                                                                                                               ;
; AUTO_CLOCK_ENABLE_RECOGNITION   ; OFF   ; -    ; hold_reg[4]                                                                                                                               ;
; AUTO_CLOCK_ENABLE_RECOGNITION   ; OFF   ; -    ; hold_reg[3]                                                                                                                               ;
; AUTO_CLOCK_ENABLE_RECOGNITION   ; OFF   ; -    ; hold_reg[2]                                                                                                                               ;
; AUTO_CLOCK_ENABLE_RECOGNITION   ; OFF   ; -    ; hold_reg[1]                                                                                                                               ;
+---------------------------------+-------+------+-------------------------------------------------------------------------------------------------------------------------------------------+


+----------------------------------------------------------------------------------------------------------+
; Parameter Settings for User Entity Instance: hex_data:hex_data|altsource_probe:altsource_probe_component ;
+-------------------------+-----------------+--------------------------------------------------------------+
; Parameter Name          ; Value           ; Type                                                         ;
+-------------------------+-----------------+--------------------------------------------------------------+
; lpm_type                ; altsource_probe ; String                                                       ;
; lpm_hint                ; UNUSED          ; String                                                       ;
; sld_auto_instance_index ; YES             ; String                                                       ;
; sld_instance_index      ; 0               ; Signed Integer                                               ;
; SLD_NODE_INFO           ; 4746752         ; Signed Integer                                               ;
; sld_ir_width            ; 4               ; Signed Integer                                               ;
; instance_id             ; NONE            ; String                                                       ;
; probe_width             ; 0               ; Signed Integer                                               ;
; source_width            ; 32              ; Signed Integer                                               ;
; source_initial_value    ;  0              ; String                                                       ;
; enable_metastability    ; NO              ; String                                                       ;
+-------------------------+-----------------+--------------------------------------------------------------+
Note: In order to hide this table in the UI and the text report file, please set the "Show Parameter Settings in Synthesis Report" option in "Analysis and Synthesis Settings -> More Settings" to "Off".


+----------------------------------------+
; Port Connectivity Checks: "HEX8:HEX8"  ;
+------+-------+----------+--------------+
; Port ; Type  ; Severity ; Details      ;
+------+-------+----------+--------------+
; En   ; Input ; Info     ; Stuck at VCC ;
+------+-------+----------+--------------+


+---------------------------------------------------+
; Port Connectivity Checks: "hex_data:hex_data"     ;
+-------+-------+----------+------------------------+
; Port  ; Type  ; Severity ; Details                ;
+-------+-------+----------+------------------------+
; probe ; Input ; Info     ; Explicitly unconnected ;
+-------+-------+----------+------------------------+


+-------------------------------+
; Elapsed Time Per Partition    ;
+----------------+--------------+
; Partition Name ; Elapsed Time ;
+----------------+--------------+
; Top            ; 00:00:00     ;
+----------------+--------------+


+-------------------------------+
; Analysis & Synthesis Messages ;
+-------------------------------+
Info: *******************************************************************
Info: Running Quartus II 64-Bit Analysis & Synthesis
    Info: Version 13.0.0 Build 156 04/24/2013 SJ Full Version
    Info: Processing started: Wed May 01 16:13:22 2019
Info: Command: quartus_map --read_settings_files=on --write_settings_files=off HEX8 -c HEX8
Info (11104): Parallel Compilation has detected 8 hyper-threaded processors. However, the extra hyper-threaded processors will not be used by default. Parallel Compilation will use 4 of the 4 physical processors detected instead.
Info (12021): Found 1 design units, including 1 entities, in source file /users/administrator/desktop/hex8/testbench/hex_tb.v
    Info (12023): Found entity 1: HEX_tb
Info (12021): Found 1 design units, including 1 entities, in source file /users/administrator/desktop/hex8/rtl/hex8.v
    Info (12023): Found entity 1: HEX8
Info (12021): Found 1 design units, including 1 entities, in source file /users/administrator/desktop/hex8/rtl/hex_top.v
    Info (12023): Found entity 1: HEX_top
Info (12021): Found 1 design units, including 1 entities, in source file hex_data.v
    Info (12023): Found entity 1: hex_data
Info (12127): Elaborating entity "HEX_top" for the top level hierarchy
Info (12128): Elaborating entity "hex_data" for hierarchy "hex_data:hex_data"
Info (12128): Elaborating entity "altsource_probe" for hierarchy "hex_data:hex_data|altsource_probe:altsource_probe_component"
Info (12130): Elaborated megafunction instantiation "hex_data:hex_data|altsource_probe:altsource_probe_component"
Info (12133): Instantiated megafunction "hex_data:hex_data|altsource_probe:altsource_probe_component" with the following parameter:
    Info (12134): Parameter "enable_metastability" = "NO"
    Info (12134): Parameter "instance_id" = "NONE"
    Info (12134): Parameter "probe_width" = "0"
    Info (12134): Parameter "sld_auto_instance_index" = "YES"
    Info (12134): Parameter "sld_instance_index" = "0"
    Info (12134): Parameter "source_initial_value" = " 0"
    Info (12134): Parameter "source_width" = "32"
Info (12128): Elaborating entity "altsource_probe_body" for hierarchy "hex_data:hex_data|altsource_probe:altsource_probe_component|altsource_probe_body:altsource_probe_body_inst"
Info (12128): Elaborating entity "altsource_probe_impl" for hierarchy "hex_data:hex_data|altsource_probe:altsource_probe_component|altsource_probe_body:altsource_probe_body_inst|altsource_probe_impl:\wider_source_gen:wider_source_inst"
Info (12128): Elaborating entity "sld_rom_sr" for hierarchy "hex_data:hex_data|altsource_probe:altsource_probe_component|altsource_probe_body:altsource_probe_body_inst|altsource_probe_impl:\wider_source_gen:wider_source_inst|sld_rom_sr:\no_instance_id_gen:rom_info_inst"
Info (12128): Elaborating entity "HEX8" for hierarchy "HEX8:HEX8"
Info (10264): Verilog HDL Case Statement information at HEX8.v(67): all case item expressions in this case statement are onehot
Warning (12010): Port "probe" on the entity instantiation of "altsource_probe_component" is connected to a signal of width 1. The formal width of the signal in the module is 2.  The extra bits will be driven by GND.
Info (13000): Registers with preset signals will power-up high
Info (13003): DEV_CLRn pin will set, and not reset, register with preset signal due to NOT Gate Push-Back
Info (286031): Timing-Driven Synthesis is running on partition "Top"
Info (16010): Generating hard_block partition "hard_block:auto_generated_inst"
    Info (16011): Adding 0 node(s), including 0 DDIO, 0 PLL, 0 transceiver and 0 LCELL
Info (21057): Implemented 331 device resources after synthesis - the final resource count might be different
    Info (21058): Implemented 5 input pins
    Info (21059): Implemented 16 output pins
    Info (21061): Implemented 309 logic cells
Info: Quartus II 64-Bit Analysis & Synthesis was successful. 0 errors, 1 warning
    Info: Peak virtual memory: 507 megabytes
    Info: Processing ended: Wed May 01 16:13:25 2019
    Info: Elapsed time: 00:00:03
    Info: Total CPU time (on all processors): 00:00:03


